Analysis & Synthesis report for DataPath
Sun Sep 29 18:50:32 2024
Quartus Prime Version 19.1.0 Build 670 09/22/2019 SJ Lite Edition


---------------------
; Table of Contents ;
---------------------
  1. Legal Notice
  2. Analysis & Synthesis Summary
  3. Analysis & Synthesis Settings
  4. Parallel Compilation
  5. Analysis & Synthesis Source Files Read
  6. Analysis & Synthesis Resource Usage Summary
  7. Analysis & Synthesis Resource Utilization by Entity
  8. Registers Removed During Synthesis
  9. General Register Statistics
 10. Multiplexer Restructuring Statistics (Restructuring Performed)
 11. Parameter Settings for User Entity Instance: FF32:pcreg
 12. Parameter Settings for User Entity Instance: Mux2by1:pcmux
 13. Parameter Settings for User Entity Instance: Mux2by1:srcbmux
 14. Parameter Settings for User Entity Instance: Mux3by1:resultmux
 15. Port Connectivity Checks: "Adder:pcadd4"
 16. Post-Synthesis Netlist Statistics for Top Partition
 17. Elapsed Time Per Partition
 18. Analysis & Synthesis Messages
 19. Analysis & Synthesis Suppressed Messages



----------------
; Legal Notice ;
----------------
Copyright (C) 2019  Intel Corporation. All rights reserved.
Your use of Intel Corporation's design tools, logic functions 
and other software and tools, and any partner logic 
functions, and any output files from any of the foregoing 
(including device programming or simulation files), and any 
associated documentation or information are expressly subject 
to the terms and conditions of the Intel Program License 
Subscription Agreement, the Intel Quartus Prime License Agreement,
the Intel FPGA IP License Agreement, or other applicable license
agreement, including, without limitation, that your use is for
the sole purpose of programming logic devices manufactured by
Intel and sold by Intel or its authorized distributors.  Please
refer to the applicable agreement for further details, at
https://fpgasoftware.intel.com/eula.



+-------------------------------------------------------------------------------+
; Analysis & Synthesis Summary                                                  ;
+---------------------------------+---------------------------------------------+
; Analysis & Synthesis Status     ; Successful - Sun Sep 29 18:50:32 2024       ;
; Quartus Prime Version           ; 19.1.0 Build 670 09/22/2019 SJ Lite Edition ;
; Revision Name                   ; DataPath                                    ;
; Top-level Entity Name           ; DataPath                                    ;
; Family                          ; Cyclone V                                   ;
; Logic utilization (in ALMs)     ; N/A                                         ;
; Total registers                 ; 1024                                        ;
; Total pins                      ; 173                                         ;
; Total virtual pins              ; 0                                           ;
; Total block memory bits         ; 0                                           ;
; Total DSP Blocks                ; 0                                           ;
; Total HSSI RX PCSs              ; 0                                           ;
; Total HSSI PMA RX Deserializers ; 0                                           ;
; Total HSSI TX PCSs              ; 0                                           ;
; Total HSSI PMA TX Serializers   ; 0                                           ;
; Total PLLs                      ; 0                                           ;
; Total DLLs                      ; 0                                           ;
+---------------------------------+---------------------------------------------+


+---------------------------------------------------------------------------------------------------------------------------+
; Analysis & Synthesis Settings                                                                                             ;
+---------------------------------------------------------------------------------+--------------------+--------------------+
; Option                                                                          ; Setting            ; Default Value      ;
+---------------------------------------------------------------------------------+--------------------+--------------------+
; Device                                                                          ; 5CSEMA5F31C6       ;                    ;
; Top-level entity name                                                           ; DataPath           ; DataPath           ;
; Family name                                                                     ; Cyclone V          ; Cyclone V          ;
; Use smart compilation                                                           ; Off                ; Off                ;
; Enable parallel Assembler and Timing Analyzer during compilation                ; On                 ; On                 ;
; Enable compact report table                                                     ; Off                ; Off                ;
; Restructure Multiplexers                                                        ; Auto               ; Auto               ;
; MLAB Add Timing Constraints For Mixed-Port Feed-Through Mode Setting Don't Care ; Off                ; Off                ;
; Create Debugging Nodes for IP Cores                                             ; Off                ; Off                ;
; Preserve fewer node names                                                       ; On                 ; On                 ;
; Intel FPGA IP Evaluation Mode                                                   ; Enable             ; Enable             ;
; Verilog Version                                                                 ; Verilog_2001       ; Verilog_2001       ;
; VHDL Version                                                                    ; VHDL_1993          ; VHDL_1993          ;
; State Machine Processing                                                        ; Auto               ; Auto               ;
; Safe State Machine                                                              ; Off                ; Off                ;
; Extract Verilog State Machines                                                  ; On                 ; On                 ;
; Extract VHDL State Machines                                                     ; On                 ; On                 ;
; Ignore Verilog initial constructs                                               ; Off                ; Off                ;
; Iteration limit for constant Verilog loops                                      ; 5000               ; 5000               ;
; Iteration limit for non-constant Verilog loops                                  ; 250                ; 250                ;
; Add Pass-Through Logic to Inferred RAMs                                         ; On                 ; On                 ;
; Infer RAMs from Raw Logic                                                       ; On                 ; On                 ;
; Parallel Synthesis                                                              ; On                 ; On                 ;
; DSP Block Balancing                                                             ; Auto               ; Auto               ;
; NOT Gate Push-Back                                                              ; On                 ; On                 ;
; Power-Up Don't Care                                                             ; On                 ; On                 ;
; Remove Redundant Logic Cells                                                    ; Off                ; Off                ;
; Remove Duplicate Registers                                                      ; On                 ; On                 ;
; Ignore CARRY Buffers                                                            ; Off                ; Off                ;
; Ignore CASCADE Buffers                                                          ; Off                ; Off                ;
; Ignore GLOBAL Buffers                                                           ; Off                ; Off                ;
; Ignore ROW GLOBAL Buffers                                                       ; Off                ; Off                ;
; Ignore LCELL Buffers                                                            ; Off                ; Off                ;
; Ignore SOFT Buffers                                                             ; On                 ; On                 ;
; Limit AHDL Integers to 32 Bits                                                  ; Off                ; Off                ;
; Optimization Technique                                                          ; Balanced           ; Balanced           ;
; Carry Chain Length                                                              ; 70                 ; 70                 ;
; Auto Carry Chains                                                               ; On                 ; On                 ;
; Auto Open-Drain Pins                                                            ; On                 ; On                 ;
; Perform WYSIWYG Primitive Resynthesis                                           ; Off                ; Off                ;
; Auto ROM Replacement                                                            ; On                 ; On                 ;
; Auto RAM Replacement                                                            ; On                 ; On                 ;
; Auto DSP Block Replacement                                                      ; On                 ; On                 ;
; Auto Shift Register Replacement                                                 ; Auto               ; Auto               ;
; Allow Shift Register Merging across Hierarchies                                 ; Auto               ; Auto               ;
; Auto Clock Enable Replacement                                                   ; On                 ; On                 ;
; Strict RAM Replacement                                                          ; Off                ; Off                ;
; Allow Synchronous Control Signals                                               ; On                 ; On                 ;
; Force Use of Synchronous Clear Signals                                          ; Off                ; Off                ;
; Auto Resource Sharing                                                           ; Off                ; Off                ;
; Allow Any RAM Size For Recognition                                              ; Off                ; Off                ;
; Allow Any ROM Size For Recognition                                              ; Off                ; Off                ;
; Allow Any Shift Register Size For Recognition                                   ; Off                ; Off                ;
; Use LogicLock Constraints during Resource Balancing                             ; On                 ; On                 ;
; Ignore translate_off and synthesis_off directives                               ; Off                ; Off                ;
; Timing-Driven Synthesis                                                         ; On                 ; On                 ;
; Report Parameter Settings                                                       ; On                 ; On                 ;
; Report Source Assignments                                                       ; On                 ; On                 ;
; Report Connectivity Checks                                                      ; On                 ; On                 ;
; Ignore Maximum Fan-Out Assignments                                              ; Off                ; Off                ;
; Synchronization Register Chain Length                                           ; 3                  ; 3                  ;
; Power Optimization During Synthesis                                             ; Normal compilation ; Normal compilation ;
; HDL message level                                                               ; Level2             ; Level2             ;
; Suppress Register Optimization Related Messages                                 ; Off                ; Off                ;
; Number of Removed Registers Reported in Synthesis Report                        ; 5000               ; 5000               ;
; Number of Swept Nodes Reported in Synthesis Report                              ; 5000               ; 5000               ;
; Number of Inverted Registers Reported in Synthesis Report                       ; 100                ; 100                ;
; Clock MUX Protection                                                            ; On                 ; On                 ;
; Auto Gated Clock Conversion                                                     ; Off                ; Off                ;
; Block Design Naming                                                             ; Auto               ; Auto               ;
; SDC constraint protection                                                       ; Off                ; Off                ;
; Synthesis Effort                                                                ; Auto               ; Auto               ;
; Shift Register Replacement - Allow Asynchronous Clear Signal                    ; On                 ; On                 ;
; Pre-Mapping Resynthesis Optimization                                            ; Off                ; Off                ;
; Analysis & Synthesis Message Level                                              ; Medium             ; Medium             ;
; Disable Register Merging Across Hierarchies                                     ; Auto               ; Auto               ;
; Resource Aware Inference For Block RAM                                          ; On                 ; On                 ;
; Automatic Parallel Synthesis                                                    ; On                 ; On                 ;
; Partial Reconfiguration Bitstream ID                                            ; Off                ; Off                ;
+---------------------------------------------------------------------------------+--------------------+--------------------+


+------------------------------------------+
; Parallel Compilation                     ;
+----------------------------+-------------+
; Processors                 ; Number      ;
+----------------------------+-------------+
; Number detected on machine ; 4           ;
; Maximum allowed            ; 2           ;
;                            ;             ;
; Average used               ; 1.00        ;
; Maximum used               ; 2           ;
;                            ;             ;
; Usage by Processor         ; % Time Used ;
;     Processor 1            ; 100.0%      ;
;     Processor 2            ;   0.0%      ;
+----------------------------+-------------+


+------------------------------------------------------------------------------------------------------------------------------------------------------------+
; Analysis & Synthesis Source Files Read                                                                                                                     ;
+----------------------------------+-----------------+------------------------+--------------------------------------------------------------------+---------+
; File Name with User-Entered Path ; Used in Netlist ; File Type              ; File Name with Absolute Path                                       ; Library ;
+----------------------------------+-----------------+------------------------+--------------------------------------------------------------------+---------+
; ../Register/Register.v           ; yes             ; User Verilog HDL File  ; C:/Users/PC/Desktop/fyd/Single Cycle Processor/Register/Register.v ;         ;
; ../Mux3by1/Mux3by1.v             ; yes             ; User Verilog HDL File  ; C:/Users/PC/Desktop/fyd/Single Cycle Processor/Mux3by1/Mux3by1.v   ;         ;
; ../Mux2by1/Mux2by1.v             ; yes             ; User Verilog HDL File  ; C:/Users/PC/Desktop/fyd/Single Cycle Processor/Mux2by1/Mux2by1.v   ;         ;
; ../FF32/FF32.v                   ; yes             ; User Verilog HDL File  ; C:/Users/PC/Desktop/fyd/Single Cycle Processor/FF32/FF32.v         ;         ;
; ../Extend/Extend.v               ; yes             ; User Verilog HDL File  ; C:/Users/PC/Desktop/fyd/Single Cycle Processor/Extend/Extend.v     ;         ;
; ../ALU/ALU.v                     ; yes             ; User Verilog HDL File  ; C:/Users/PC/Desktop/fyd/Single Cycle Processor/ALU/ALU.v           ;         ;
; ../Adder/Adder.v                 ; yes             ; User Verilog HDL File  ; C:/Users/PC/Desktop/fyd/Single Cycle Processor/Adder/Adder.v       ;         ;
; DataPath.v                       ; yes             ; User Verilog HDL File  ; C:/Users/PC/Desktop/fyd/Single Cycle Processor/DataPath/DataPath.v ;         ;
+----------------------------------+-----------------+------------------------+--------------------------------------------------------------------+---------+


+---------------------------------------------------------+
; Analysis & Synthesis Resource Usage Summary             ;
+---------------------------------------------+-----------+
; Resource                                    ; Usage     ;
+---------------------------------------------+-----------+
; Estimate of Logic utilization (ALMs needed) ; 1157      ;
;                                             ;           ;
; Combinational ALUT usage for logic          ; 955       ;
;     -- 7 input functions                    ; 495       ;
;     -- 6 input functions                    ; 197       ;
;     -- 5 input functions                    ; 99        ;
;     -- 4 input functions                    ; 46        ;
;     -- <=3 input functions                  ; 118       ;
;                                             ;           ;
; Dedicated logic registers                   ; 1024      ;
;                                             ;           ;
; I/O pins                                    ; 173       ;
;                                             ;           ;
; Total DSP Blocks                            ; 0         ;
;                                             ;           ;
; Maximum fan-out node                        ; clk~input ;
; Maximum fan-out                             ; 1024      ;
; Total fan-out                               ; 9059      ;
; Average fan-out                             ; 3.90      ;
+---------------------------------------------+-----------+


+------------------------------------------------------------------------------------------------------------------------------------------------------------------------------------------------+
; Analysis & Synthesis Resource Utilization by Entity                                                                                                                                            ;
+----------------------------+---------------------+---------------------------+-------------------+------------+------+--------------+-----------------------------+-------------+--------------+
; Compilation Hierarchy Node ; Combinational ALUTs ; Dedicated Logic Registers ; Block Memory Bits ; DSP Blocks ; Pins ; Virtual Pins ; Full Hierarchy Name         ; Entity Name ; Library Name ;
+----------------------------+---------------------+---------------------------+-------------------+------------+------+--------------+-----------------------------+-------------+--------------+
; |DataPath                  ; 955 (0)             ; 1024 (0)                  ; 0                 ; 0          ; 173  ; 0            ; |DataPath                   ; DataPath    ; work         ;
;    |ALU:alu|               ; 158 (158)           ; 0 (0)                     ; 0                 ; 0          ; 0    ; 0            ; |DataPath|ALU:alu           ; ALU         ; work         ;
;    |Adder:pcadd4|          ; 30 (30)             ; 0 (0)                     ; 0                 ; 0          ; 0    ; 0            ; |DataPath|Adder:pcadd4      ; Adder       ; work         ;
;    |Adder:pcaddbranch|     ; 32 (32)             ; 0 (0)                     ; 0                 ; 0          ; 0    ; 0            ; |DataPath|Adder:pcaddbranch ; Adder       ; work         ;
;    |Extend:ext|            ; 15 (15)             ; 0 (0)                     ; 0                 ; 0          ; 0    ; 0            ; |DataPath|Extend:ext        ; Extend      ; work         ;
;    |FF32:pcreg|            ; 0 (0)               ; 32 (32)                   ; 0                 ; 0          ; 0    ; 0            ; |DataPath|FF32:pcreg        ; FF32        ; work         ;
;    |Mux2by1:srcbmux|       ; 30 (30)             ; 0 (0)                     ; 0                 ; 0          ; 0    ; 0            ; |DataPath|Mux2by1:srcbmux   ; Mux2by1     ; work         ;
;    |Mux3by1:resultmux|     ; 32 (32)             ; 0 (0)                     ; 0                 ; 0          ; 0    ; 0            ; |DataPath|Mux3by1:resultmux ; Mux3by1     ; work         ;
;    |Register:rf|           ; 658 (658)           ; 992 (992)                 ; 0                 ; 0          ; 0    ; 0            ; |DataPath|Register:rf       ; Register    ; work         ;
+----------------------------+---------------------+---------------------------+-------------------+------------+------+--------------+-----------------------------+-------------+--------------+
Note: For table entries with two numbers listed, the numbers in parentheses indicate the number of resources of the given type used by the specific entity alone. The numbers listed outside of parentheses indicate the total resources of the given type used by the specific entity and all of its sub-entities in the hierarchy.


+--------------------------------------------------------------------------------------+
; Registers Removed During Synthesis                                                   ;
+----------------------------------------+---------------------------------------------+
; Register name                          ; Reason for Removal                          ;
+----------------------------------------+---------------------------------------------+
; Register:rf|registers~0                ; Stuck at GND due to stuck port clock_enable ;
; Register:rf|registers~31               ; Stuck at GND due to stuck port clock_enable ;
; Register:rf|registers~30               ; Stuck at GND due to stuck port clock_enable ;
; Register:rf|registers~29               ; Stuck at GND due to stuck port clock_enable ;
; Register:rf|registers~28               ; Stuck at GND due to stuck port clock_enable ;
; Register:rf|registers~27               ; Stuck at GND due to stuck port clock_enable ;
; Register:rf|registers~26               ; Stuck at GND due to stuck port clock_enable ;
; Register:rf|registers~25               ; Stuck at GND due to stuck port clock_enable ;
; Register:rf|registers~24               ; Stuck at GND due to stuck port clock_enable ;
; Register:rf|registers~23               ; Stuck at GND due to stuck port clock_enable ;
; Register:rf|registers~22               ; Stuck at GND due to stuck port clock_enable ;
; Register:rf|registers~21               ; Stuck at GND due to stuck port clock_enable ;
; Register:rf|registers~20               ; Stuck at GND due to stuck port clock_enable ;
; Register:rf|registers~19               ; Stuck at GND due to stuck port clock_enable ;
; Register:rf|registers~18               ; Stuck at GND due to stuck port clock_enable ;
; Register:rf|registers~17               ; Stuck at GND due to stuck port clock_enable ;
; Register:rf|registers~16               ; Stuck at GND due to stuck port clock_enable ;
; Register:rf|registers~15               ; Stuck at GND due to stuck port clock_enable ;
; Register:rf|registers~14               ; Stuck at GND due to stuck port clock_enable ;
; Register:rf|registers~13               ; Stuck at GND due to stuck port clock_enable ;
; Register:rf|registers~12               ; Stuck at GND due to stuck port clock_enable ;
; Register:rf|registers~11               ; Stuck at GND due to stuck port clock_enable ;
; Register:rf|registers~10               ; Stuck at GND due to stuck port clock_enable ;
; Register:rf|registers~9                ; Stuck at GND due to stuck port clock_enable ;
; Register:rf|registers~8                ; Stuck at GND due to stuck port clock_enable ;
; Register:rf|registers~7                ; Stuck at GND due to stuck port clock_enable ;
; Register:rf|registers~6                ; Stuck at GND due to stuck port clock_enable ;
; Register:rf|registers~5                ; Stuck at GND due to stuck port clock_enable ;
; Register:rf|registers~4                ; Stuck at GND due to stuck port clock_enable ;
; Register:rf|registers~3                ; Stuck at GND due to stuck port clock_enable ;
; Register:rf|registers~2                ; Stuck at GND due to stuck port clock_enable ;
; Register:rf|registers~1                ; Stuck at GND due to stuck port clock_enable ;
; Total Number of Removed Registers = 32 ;                                             ;
+----------------------------------------+---------------------------------------------+


+------------------------------------------------------+
; General Register Statistics                          ;
+----------------------------------------------+-------+
; Statistic                                    ; Value ;
+----------------------------------------------+-------+
; Total registers                              ; 1024  ;
; Number of registers using Synchronous Clear  ; 0     ;
; Number of registers using Synchronous Load   ; 30    ;
; Number of registers using Asynchronous Clear ; 32    ;
; Number of registers using Asynchronous Load  ; 0     ;
; Number of registers using Clock Enable       ; 994   ;
; Number of registers using Preset             ; 0     ;
+----------------------------------------------+-------+


+-------------------------------------------------------------------------------------------------------------------------------------------------+
; Multiplexer Restructuring Statistics (Restructuring Performed)                                                                                  ;
+--------------------+-----------+---------------+----------------------+------------------------+------------+-----------------------------------+
; Multiplexer Inputs ; Bus Width ; Baseline Area ; Area if Restructured ; Saving if Restructured ; Registered ; Example Multiplexer Output        ;
+--------------------+-----------+---------------+----------------------+------------------------+------------+-----------------------------------+
; 3:1                ; 32 bits   ; 64 LEs        ; 64 LEs               ; 0 LEs                  ; No         ; |DataPath|Mux3by1:resultmux|y[25] ;
; 8:1                ; 31 bits   ; 155 LEs       ; 62 LEs               ; 93 LEs                 ; No         ; |DataPath|ALU:alu|Mux11           ;
+--------------------+-----------+---------------+----------------------+------------------------+------------+-----------------------------------+


+---------------------------------------------------------+
; Parameter Settings for User Entity Instance: FF32:pcreg ;
+----------------+-------+--------------------------------+
; Parameter Name ; Value ; Type                           ;
+----------------+-------+--------------------------------+
; WIDTH          ; 32    ; Signed Integer                 ;
+----------------+-------+--------------------------------+
Note: In order to hide this table in the UI and the text report file, please set the "Show Parameter Settings in Synthesis Report" option in "Analysis and Synthesis Settings -> More Settings" to "Off".


+------------------------------------------------------------+
; Parameter Settings for User Entity Instance: Mux2by1:pcmux ;
+----------------+-------+-----------------------------------+
; Parameter Name ; Value ; Type                              ;
+----------------+-------+-----------------------------------+
; WIDTH          ; 32    ; Signed Integer                    ;
+----------------+-------+-----------------------------------+
Note: In order to hide this table in the UI and the text report file, please set the "Show Parameter Settings in Synthesis Report" option in "Analysis and Synthesis Settings -> More Settings" to "Off".


+--------------------------------------------------------------+
; Parameter Settings for User Entity Instance: Mux2by1:srcbmux ;
+----------------+-------+-------------------------------------+
; Parameter Name ; Value ; Type                                ;
+----------------+-------+-------------------------------------+
; WIDTH          ; 32    ; Signed Integer                      ;
+----------------+-------+-------------------------------------+
Note: In order to hide this table in the UI and the text report file, please set the "Show Parameter Settings in Synthesis Report" option in "Analysis and Synthesis Settings -> More Settings" to "Off".


+----------------------------------------------------------------+
; Parameter Settings for User Entity Instance: Mux3by1:resultmux ;
+----------------+-------+---------------------------------------+
; Parameter Name ; Value ; Type                                  ;
+----------------+-------+---------------------------------------+
; WIDTH          ; 32    ; Signed Integer                        ;
+----------------+-------+---------------------------------------+
Note: In order to hide this table in the UI and the text report file, please set the "Show Parameter Settings in Synthesis Report" option in "Analysis and Synthesis Settings -> More Settings" to "Off".


+--------------------------------------------+
; Port Connectivity Checks: "Adder:pcadd4"   ;
+----------+-------+----------+--------------+
; Port     ; Type  ; Severity ; Details      ;
+----------+-------+----------+--------------+
; b[31..3] ; Input ; Info     ; Stuck at GND ;
; b[1..0]  ; Input ; Info     ; Stuck at GND ;
; b[2]     ; Input ; Info     ; Stuck at VCC ;
+----------+-------+----------+--------------+


+-----------------------------------------------------+
; Post-Synthesis Netlist Statistics for Top Partition ;
+-----------------------+-----------------------------+
; Type                  ; Count                       ;
+-----------------------+-----------------------------+
; arriav_ff             ; 1024                        ;
;     CLR SLD           ; 30                          ;
;     ENA               ; 992                         ;
;     ENA CLR           ; 2                           ;
; arriav_lcell_comb     ; 955                         ;
;     arith             ; 95                          ;
;         1 data inputs ; 31                          ;
;         2 data inputs ; 18                          ;
;         4 data inputs ; 1                           ;
;         5 data inputs ; 45                          ;
;     extend            ; 495                         ;
;         7 data inputs ; 495                         ;
;     normal            ; 365                         ;
;         2 data inputs ; 37                          ;
;         3 data inputs ; 32                          ;
;         4 data inputs ; 45                          ;
;         5 data inputs ; 54                          ;
;         6 data inputs ; 197                         ;
; boundary_port         ; 173                         ;
;                       ;                             ;
; Max LUT depth         ; 10.00                       ;
; Average LUT depth     ; 8.44                        ;
+-----------------------+-----------------------------+


+-------------------------------+
; Elapsed Time Per Partition    ;
+----------------+--------------+
; Partition Name ; Elapsed Time ;
+----------------+--------------+
; Top            ; 00:00:03     ;
+----------------+--------------+


+-------------------------------+
; Analysis & Synthesis Messages ;
+-------------------------------+
Info: *******************************************************************
Info: Running Quartus Prime Analysis & Synthesis
    Info: Version 19.1.0 Build 670 09/22/2019 SJ Lite Edition
    Info: Processing started: Sun Sep 29 18:50:11 2024
Info: Command: quartus_map --read_settings_files=on --write_settings_files=off DataPath -c DataPath
Warning (18236): Number of processors has not been specified which may cause overloading on shared machines.  Set the global assignment NUM_PARALLEL_PROCESSORS in your QSF to an appropriate value for best performance.
Info (20030): Parallel compilation is enabled and will use 2 of the 2 processors detected
Info (12021): Found 1 design units, including 1 entities, in source file /users/pc/desktop/fyd/single cycle processor/register/register.v
    Info (12023): Found entity 1: Register File: C:/Users/PC/Desktop/fyd/Single Cycle Processor/Register/Register.v Line: 1
Info (12021): Found 1 design units, including 1 entities, in source file /users/pc/desktop/fyd/single cycle processor/mux3by1/mux3by1.v
    Info (12023): Found entity 1: Mux3by1 File: C:/Users/PC/Desktop/fyd/Single Cycle Processor/Mux3by1/Mux3by1.v Line: 1
Info (12021): Found 1 design units, including 1 entities, in source file /users/pc/desktop/fyd/single cycle processor/mux2by1/mux2by1.v
    Info (12023): Found entity 1: Mux2by1 File: C:/Users/PC/Desktop/fyd/Single Cycle Processor/Mux2by1/Mux2by1.v Line: 1
Info (12021): Found 1 design units, including 1 entities, in source file /users/pc/desktop/fyd/single cycle processor/instruction memory/instructionmemory.v
    Info (12023): Found entity 1: InstructionMemory File: C:/Users/PC/Desktop/fyd/Single Cycle Processor/Instruction Memory/InstructionMemory.v Line: 1
Info (12021): Found 1 design units, including 1 entities, in source file /users/pc/desktop/fyd/single cycle processor/ff32/ff32.v
    Info (12023): Found entity 1: FF32 File: C:/Users/PC/Desktop/fyd/Single Cycle Processor/FF32/FF32.v Line: 1
Info (12021): Found 1 design units, including 1 entities, in source file /users/pc/desktop/fyd/single cycle processor/extend/extend.v
    Info (12023): Found entity 1: Extend File: C:/Users/PC/Desktop/fyd/Single Cycle Processor/Extend/Extend.v Line: 1
Info (12021): Found 1 design units, including 1 entities, in source file /users/pc/desktop/fyd/single cycle processor/datamemory/datamemory.v
    Info (12023): Found entity 1: DataMemory File: C:/Users/PC/Desktop/fyd/Single Cycle Processor/DataMemory/DataMemory.v Line: 1
Info (12021): Found 1 design units, including 1 entities, in source file /users/pc/desktop/fyd/single cycle processor/alu/alu.v
    Info (12023): Found entity 1: ALU File: C:/Users/PC/Desktop/fyd/Single Cycle Processor/ALU/ALU.v Line: 1
Info (12021): Found 1 design units, including 1 entities, in source file /users/pc/desktop/fyd/single cycle processor/adder/adder.v
    Info (12023): Found entity 1: Adder File: C:/Users/PC/Desktop/fyd/Single Cycle Processor/Adder/Adder.v Line: 1
Info (12021): Found 1 design units, including 1 entities, in source file datapath.v
    Info (12023): Found entity 1: DataPath File: C:/Users/PC/Desktop/fyd/Single Cycle Processor/DataPath/DataPath.v Line: 1
Info (12127): Elaborating entity "DataPath" for the top level hierarchy
Info (12128): Elaborating entity "FF32" for hierarchy "FF32:pcreg" File: C:/Users/PC/Desktop/fyd/Single Cycle Processor/DataPath/DataPath.v Line: 17
Info (12128): Elaborating entity "Adder" for hierarchy "Adder:pcadd4" File: C:/Users/PC/Desktop/fyd/Single Cycle Processor/DataPath/DataPath.v Line: 19
Info (12128): Elaborating entity "Mux2by1" for hierarchy "Mux2by1:pcmux" File: C:/Users/PC/Desktop/fyd/Single Cycle Processor/DataPath/DataPath.v Line: 22
Info (12128): Elaborating entity "Register" for hierarchy "Register:rf" File: C:/Users/PC/Desktop/fyd/Single Cycle Processor/DataPath/DataPath.v Line: 24
Info (12128): Elaborating entity "Extend" for hierarchy "Extend:ext" File: C:/Users/PC/Desktop/fyd/Single Cycle Processor/DataPath/DataPath.v Line: 26
Info (12128): Elaborating entity "ALU" for hierarchy "ALU:alu" File: C:/Users/PC/Desktop/fyd/Single Cycle Processor/DataPath/DataPath.v Line: 30
Info (12128): Elaborating entity "Mux3by1" for hierarchy "Mux3by1:resultmux" File: C:/Users/PC/Desktop/fyd/Single Cycle Processor/DataPath/DataPath.v Line: 32
Info (276014): Found 1 instances of uninferred RAM logic
    Info (276007): RAM logic "Register:rf|registers" is uninferred due to asynchronous read logic File: C:/Users/PC/Desktop/fyd/Single Cycle Processor/Register/Register.v Line: 12
Info (286030): Timing-Driven Synthesis is running
Info (144001): Generated suppressed messages file C:/Users/PC/Desktop/fyd/Single Cycle Processor/DataPath/output_files/DataPath.map.smsg
Info (16010): Generating hard_block partition "hard_block:auto_generated_inst"
    Info (16011): Adding 0 node(s), including 0 DDIO, 0 PLL, 0 transceiver and 0 LCELL
Warning (21074): Design contains 7 input pin(s) that do not drive logic
    Warning (15610): No output dependent on input pin "Instr[0]" File: C:/Users/PC/Desktop/fyd/Single Cycle Processor/DataPath/DataPath.v Line: 8
    Warning (15610): No output dependent on input pin "Instr[1]" File: C:/Users/PC/Desktop/fyd/Single Cycle Processor/DataPath/DataPath.v Line: 8
    Warning (15610): No output dependent on input pin "Instr[2]" File: C:/Users/PC/Desktop/fyd/Single Cycle Processor/DataPath/DataPath.v Line: 8
    Warning (15610): No output dependent on input pin "Instr[3]" File: C:/Users/PC/Desktop/fyd/Single Cycle Processor/DataPath/DataPath.v Line: 8
    Warning (15610): No output dependent on input pin "Instr[4]" File: C:/Users/PC/Desktop/fyd/Single Cycle Processor/DataPath/DataPath.v Line: 8
    Warning (15610): No output dependent on input pin "Instr[5]" File: C:/Users/PC/Desktop/fyd/Single Cycle Processor/DataPath/DataPath.v Line: 8
    Warning (15610): No output dependent on input pin "Instr[6]" File: C:/Users/PC/Desktop/fyd/Single Cycle Processor/DataPath/DataPath.v Line: 8
Info (21057): Implemented 2120 device resources after synthesis - the final resource count might be different
    Info (21058): Implemented 76 input pins
    Info (21059): Implemented 97 output pins
    Info (21061): Implemented 1947 logic cells
Info: Quartus Prime Analysis & Synthesis was successful. 0 errors, 9 warnings
    Info: Peak virtual memory: 4816 megabytes
    Info: Processing ended: Sun Sep 29 18:50:32 2024
    Info: Elapsed time: 00:00:21
    Info: Total CPU time (on all processors): 00:00:36


+------------------------------------------+
; Analysis & Synthesis Suppressed Messages ;
+------------------------------------------+
The suppressed messages can be found in C:/Users/PC/Desktop/fyd/Single Cycle Processor/DataPath/output_files/DataPath.map.smsg.


