Database Import report for SCPF
Fri Oct 11 12:52:57 2024
Quartus Prime Version 19.1.0 Build 670 09/22/2019 SJ Lite Edition


---------------------
; Table of Contents ;
---------------------
  1. Legal Notice
  2. Database Import Summary
  3. Database Import Messages



----------------
; Legal Notice ;
----------------
Copyright (C) 2019  Intel Corporation. All rights reserved.
Your use of Intel Corporation's design tools, logic functions 
and other software and tools, and any partner logic 
functions, and any output files from any of the foregoing 
(including device programming or simulation files), and any 
associated documentation or information are expressly subject 
to the terms and conditions of the Intel Program License 
Subscription Agreement, the Intel Quartus Prime License Agreement,
the Intel FPGA IP License Agreement, or other applicable license
agreement, including, without limitation, that your use is for
the sole purpose of programming logic devices manufactured by
Intel and sold by Intel or its authorized distributors.  Please
refer to the applicable agreement for further details, at
https://fpgasoftware.intel.com/eula.



+------------------------------------------------------------+
; Database Import Summary                                    ;
+------------------------+-----------------------------------+
; Database Import Status ; Failed - Fri Oct 11 12:52:57 2024 ;
; Revision Name          ; SCPF                              ;
; Top-level Entity Name  ; SCPF                              ;
; Family                 ; Cyclone V                         ;
; Device                 ; 5CSEMA5F31C6                      ;
+------------------------+-----------------------------------+


+--------------------------+
; Database Import Messages ;
+--------------------------+
Info: *******************************************************************
Info: Running Quartus Prime Database Import
    Info: Version 19.1.0 Build 670 09/22/2019 SJ Lite Edition
    Info: Processing started: Fri Oct 11 12:52:56 2024
Info: Command: quartus_cdb SCPF -c SCPF --import_database="write_sdc SCPF.out.sdc" --timing_analysis_mode
Error (39039): Can't read version-compatible database file write_sdc SCPF.out.sdc/SCPF.db_info -- make sure the file exists and is up to date, and you have permission to read the file
Error: Quartus Prime Database Import was unsuccessful. 1 error, 0 warnings
    Error: Peak virtual memory: 4696 megabytes
    Error: Processing ended: Fri Oct 11 12:52:57 2024
    Error: Elapsed time: 00:00:01
    Error: Total CPU time (on all processors): 00:00:01


